MSWinEventLog\t1\tSecurity\t499\ttstamp\t4624\tMicrosoft-Windows-Security-Auditing\tudomain\\uname\tN/A\tSuccess Audit\tSimulator_DC\tLogon\t\tAn account was successfully logged on.    Subject:   Security ID:  S-1-0-0   Account Name:  -   Account Domain:  -   Logon ID:  0x0    Logon Type:   3    New Logon:   Security ID:  S-1-5-21-3070936213-306261907-1348773959-4781   Account Name:  uname   Account Domain:  udomain   Logon ID:  0x41a020   Logon GUID:  {805A4260-F084-5BD7-FDA9-5DC99C801F5F}    Process Information:   Process ID:  0x0   Process Name:  -    Network Information:   Workstation Name:  uwstation  Source Network Address: uip   Source Port:  56386    Detailed Authentication Information:   Logon Process:  Kerberos   Authentication Package: Kerberos   Transited Services: -   Package Name (NTLM only): -   Key Length:  0    This event is generated when a logon session is created. It is generated on the computer that was accessed.    The subject fields indicate the account on the local system which requested the logon. This is most commonly a service such as the Server service, or a local process such as Winlogon.exe or Services.exe.    The logon type field indicates the kind of logon that occurred. The most common types are 2 (interactive) and 3 (network).    The New Logon fields indicate the account for whom the new logon was created, i.e. the account that was logged on.    The network fields indicate where a remote logon request originated. Workstation name is not always available and may be left blank in some cases.    The authentication information fields provide detailed information about this specific logon request.\t440
MSWinEventLog\t1\tSecurity\t499\ttstamp\t4624\tMicrosoft-Windows-Security-Auditing\tudomain\\uname\tN/A\tSuccess Audit\tSimulator_DC\tLogon\t\tAn account was successfully logged on.    Subject:   Security ID:  S-1-0-0   Account Name:  -   Account Domain:  -   Logon ID:  0x0    Logon Type:   3    New Logon:   Security ID:  S-1-5-21-3070936213-306261907-1348773959-4781   Account Name:  uname   Account Domain:  udomain   Logon ID:  0x41a020   Logon GUID:  {805A4260-F084-5BD7-FDA9-5DC99C801F5F}    Process Information:   Process ID:  0x0   Process Name:  -    Network Information:   Workstation Name:  uwstation  Source Network Address: uip   Source Port:  56386    Detailed Authentication Information:   Logon Process:  Kerberos   Authentication Package: Kerberos   Transited Services: -   Package Name (NTLM only): -   Key Length:  0    This event is generated when a logon session is created. It is generated on the computer that was accessed.    The subject fields indicate the account on the local system which requested the logon. This is most commonly a service such as the Server service, or a local process such as Winlogon.exe or Services.exe.    The logon type field indicates the kind of logon that occurred. The most common types are 2 (interactive) and 3 (network).    The New Logon fields indicate the account for whom the new logon was created, i.e. the account that was logged on.    The network fields indicate where a remote logon request originated. Workstation name is not always available and may be left blank in some cases.    The authentication information fields provide detailed information about this specific logon request.\t440
MSWinEventLog\t1\tSecurity\t499\ttstamp\t4624\tMicrosoft-Windows-Security-Auditing\tudomain\\uname\tN/A\tSuccess Audit\tSimulator_DC\tLogon\t\tAn account was successfully logged on.    Subject:   Security ID:  S-1-0-0   Account Name:  -   Account Domain:  -   Logon ID:  0x0    Logon Type:   3    New Logon:   Security ID:  S-1-5-21-3070936213-306261907-1348773959-4781   Account Name:  uname   Account Domain:  udomain   Logon ID:  0x41a020   Logon GUID:  {805A4260-F084-5BD7-FDA9-5DC99C801F5F}    Process Information:   Process ID:  0x0   Process Name:  -    Network Information:   Workstation Name:  uwstation  Source Network Address: uip   Source Port:  56386    Detailed Authentication Information:   Logon Process:  Kerberos   Authentication Package: Kerberos   Transited Services: -   Package Name (NTLM only): -   Key Length:  0    This event is generated when a logon session is created. It is generated on the computer that was accessed.    The subject fields indicate the account on the local system which requested the logon. This is most commonly a service such as the Server service, or a local process such as Winlogon.exe or Services.exe.    The logon type field indicates the kind of logon that occurred. The most common types are 2 (interactive) and 3 (network).    The New Logon fields indicate the account for whom the new logon was created, i.e. the account that was logged on.    The network fields indicate where a remote logon request originated. Workstation name is not always available and may be left blank in some cases.    The authentication information fields provide detailed information about this specific logon request.\t440
MSWinEventLog\t1\tSecurity\t499\ttstamp\t4624\tMicrosoft-Windows-Security-Auditing\tudomain\\uname\tN/A\tSuccess Audit\tSimulator_DC\tLogon\t\tAn account was successfully logged on.    Subject:   Security ID:  S-1-0-0   Account Name:  -   Account Domain:  -   Logon ID:  0x0    Logon Type:   3    New Logon:   Security ID:  S-1-5-21-3070936213-306261907-1348773959-4781   Account Name:  uname   Account Domain:  udomain   Logon ID:  0x41a020   Logon GUID:  {805A4260-F084-5BD7-FDA9-5DC99C801F5F}    Process Information:   Process ID:  0x0   Process Name:  -    Network Information:   Workstation Name:  uwstation  Source Network Address: uip   Source Port:  56386    Detailed Authentication Information:   Logon Process:  Kerberos   Authentication Package: Kerberos   Transited Services: -   Package Name (NTLM only): -   Key Length:  0    This event is generated when a logon session is created. It is generated on the computer that was accessed.    The subject fields indicate the account on the local system which requested the logon. This is most commonly a service such as the Server service, or a local process such as Winlogon.exe or Services.exe.    The logon type field indicates the kind of logon that occurred. The most common types are 2 (interactive) and 3 (network).    The New Logon fields indicate the account for whom the new logon was created, i.e. the account that was logged on.    The network fields indicate where a remote logon request originated. Workstation name is not always available and may be left blank in some cases.    The authentication information fields provide detailed information about this specific logon request.\t440
MSWinEventLog\t1\tSecurity\t499\ttstamp\t4624\tMicrosoft-Windows-Security-Auditing\tudomain\\uname\tN/A\tSuccess Audit\tSimulator_DC\tLogon\t\tAn account was successfully logged on.    Subject:   Security ID:  S-1-0-0   Account Name:  -   Account Domain:  -   Logon ID:  0x0    Logon Type:   3    New Logon:   Security ID:  S-1-5-21-3070936213-306261907-1348773959-4781   Account Name:  uname   Account Domain:  udomain   Logon ID:  0x41a020   Logon GUID:  {805A4260-F084-5BD7-FDA9-5DC99C801F5F}    Process Information:   Process ID:  0x0   Process Name:  -    Network Information:   Workstation Name:  uwstation  Source Network Address: uip   Source Port:  56386    Detailed Authentication Information:   Logon Process:  Kerberos   Authentication Package: Kerberos   Transited Services: -   Package Name (NTLM only): -   Key Length:  0    This event is generated when a logon session is created. It is generated on the computer that was accessed.    The subject fields indicate the account on the local system which requested the logon. This is most commonly a service such as the Server service, or a local process such as Winlogon.exe or Services.exe.    The logon type field indicates the kind of logon that occurred. The most common types are 2 (interactive) and 3 (network).    The New Logon fields indicate the account for whom the new logon was created, i.e. the account that was logged on.    The network fields indicate where a remote logon request originated. Workstation name is not always available and may be left blank in some cases.    The authentication information fields provide detailed information about this specific logon request.\t440
MSWinEventLog\t1\tSecurity\t8\ttstamp\t4634\tMicrosoft-Windows-Security-Auditing\tN/A\tN/A\tSuccess Audit\tSimulator_DC\tLogoff\tAn account was logged off.    Subject:   Security ID:  S-1-5-18   Account Name:  uname   Account Domain:  udomain   Logon ID:  0x34E40154    Logon Type:   3    This event is generated when a logon session is destroyed. It may be positively correlated with a logon event using the Logon ID value. Logon IDs are only unique between reboots on the same computer.\t16597389
MSWinEventLog\t1\tSecurity\t8\ttstamp\t4634\tMicrosoft-Windows-Security-Auditing\tN/A\tN/A\tSuccess Audit\tSimulator_DC\tLogoff\tAn account was logged off.    Subject:   Security ID:  S-1-5-18   Account Name:  uname   Account Domain:  udomain   Logon ID:  0x34E40154    Logon Type:   3    This event is generated when a logon session is destroyed. It may be positively correlated with a logon event using the Logon ID value. Logon IDs are only unique between reboots on the same computer.\t16597389
MSWinEventLog\t1\tSecurity\t8\ttstamp\t4634\tMicrosoft-Windows-Security-Auditing\tN/A\tN/A\tSuccess Audit\tSimulator_DC\tLogoff\tAn account was logged off.    Subject:   Security ID:  S-1-5-18   Account Name:  uname   Account Domain:  udomain   Logon ID:  0x34E40154    Logon Type:   3    This event is generated when a logon session is destroyed. It may be positively correlated with a logon event using the Logon ID value. Logon IDs are only unique between reboots on the same computer.\t16597389
MSWinEventLog\t3\tSecurity\t1\ttstamp\t4625\tMicrosoft-Windows-Security-Auditing\tN/A\tN/A\tFailure Audit\tSimulator_DC\tLogon\t\tAn account failed to log on.    Subject:   Security ID:  S-1-0-0   Account Name:  uname   Account Domain:  udomain   Logon ID:  0x0    Logon Type:   10    Account For Which Logon Failed:   Security ID:  S-1-0-0   Account Name:  uname   Account Domain:  udomain    Failure Information:   Failure Reason:  Unknown user name or bad password.   Status:   0xC000006D   Sub Status:  0xC0000064    Process Information:   Caller Process ID: 0x0   Caller Process Name: -    Network Information:   Workstation Name: uwstation   Source Network Address: uip   Source Port:  56406    Detailed Authentication Information:   Logon Process:  NtLmSsp    Authentication Package: NTLM   Transited Services: -   Package Name (NTLM only): -   Key Length:  0    This event is generated when a logon request fails. It is generated on the computer where access was attempted.    The Subject fields indicate the account on the local system which requested the logon. This is most commonly a service such as the Server service, or a local process such as Winlogon.exe or Services.exe.    The Logon Type field indicates the kind of logon that was requested. The most common types are 2 (interactive) and 3 (network).    The Process Information fields indicate which account and process on the system requested the logon.    The Network Information fields indicate where a remote logon request originated. Workstation name is not always available and may be left blank in some cases.    The authentication information fields provide detailed information about this specific logon request.   - Transited services indicate which intermediate services have participated in this logon request.   - Package name indicates which sub-protocol was used among the NTLM protocols.   - Key length indicates the length of the generated session key. This will be 0 if no session key was requested.\t239617
MSWinEventLog\t3\tSecurity\t1\ttstamp\t4625\tMicrosoft-Windows-Security-Auditing\tN/A\tN/A\tFailure Audit\tSimulator_DC\tLogon\t\tAn account failed to log on.    Subject:   Security ID:  S-1-0-0   Account Name:  uname   Account Domain:  udomain   Logon ID:  0x0    Logon Type:   3    Account For Which Logon Failed:   Security ID:  S-1-0-0   Account Name:  uname   Account Domain:  udomain    Failure Information:   Failure Reason:  Unknown user name or bad password.   Status:   0xC000006D   Sub Status:  0xC0000064    Process Information:   Caller Process ID: 0x0   Caller Process Name: -    Network Information:   Workstation Name: uwstation   Source Network Address: uip   Source Port:  56406    Detailed Authentication Information:   Logon Process:  NtLmSsp    Authentication Package: NTLM   Transited Services: -   Package Name (NTLM only): -   Key Length:  0    This event is generated when a logon request fails. It is generated on the computer where access was attempted.    The Subject fields indicate the account on the local system which requested the logon. This is most commonly a service such as the Server service, or a local process such as Winlogon.exe or Services.exe.    The Logon Type field indicates the kind of logon that was requested. The most common types are 2 (interactive) and 3 (network).    The Process Information fields indicate which account and process on the system requested the logon.    The Network Information fields indicate where a remote logon request originated. Workstation name is not always available and may be left blank in some cases.    The authentication information fields provide detailed information about this specific logon request.   - Transited services indicate which intermediate services have participated in this logon request.   - Package name indicates which sub-protocol was used among the NTLM protocols.   - Key length indicates the length of the generated session key. This will be 0 if no session key was requested.\t239617
